# JRE version: Java(TM) SE Runtime Environment (8.0_112-b15) (build 1.8.0_112-b15)
# Java VM: Java HotSpot(TM) 64-Bit Server VM (25.112-b15 mixed mode windows-amd64 compressed oops)
Heap:
 PSYoungGen      total 54272K, used 26825K [0x00000007bc400000, 0x00000007c0000000, 0x00000007c0000000)
  eden space 47104K, 51% used [0x00000007bc400000,0x00000007bdbaa7d0,0x00000007bf200000)
  from space 7168K, 36% used [0x00000007bf900000,0x00000007bfb88000,0x00000007c0000000)
  to   space 7168K, 0% used [0x00000007bf200000,0x00000007bf200000,0x00000007bf900000)
 ParOldGen       total 191488K, used 116197K [0x0000000700000000, 0x000000070bb00000, 0x00000007bc400000)
  object space 191488K, 60% used [0x0000000700000000,0x00000007071795a8,0x000000070bb00000)
 Metaspace       used 84715K, capacity 85547K, committed 86232K, reserved 1124352K
  class space    used 11986K, capacity 12140K, committed 12248K, reserved 1048576K
GC Heap History (10 events):
Event: 8372.333 GC heap before
{Heap before GC invocations=467 (full 15):
 PSYoungGen      total 52224K, used 46969K [0x00000007bc400000, 0x00000007c0000000, 0x00000007c0000000)
  eden space 43520K, 100% used [0x00000007bc400000,0x00000007bee80000,0x00000007bee80000)
  from space 8704K, 39% used [0x00000007bee80000,0x00000007bf1de708,0x00000007bf700000)
  to   space 8704K, 0% used [0x00000007bf780000,0x00000007bf780000,0x00000007c0000000)
 ParOldGen       total 191488K, used 115384K [0x0000000700000000, 0x000000070bb00000, 0x00000007bc400000)
  object space 191488K, 60% used [0x0000000700000000,0x00000007070ae230,0x000000070bb00000)
 Metaspace       used 84704K, capacity 85483K, committed 86232K, reserved 1124352K
  class space    used 11985K, capacity 12140K, committed 12248K, reserved 1048576K
Event: 8372.338 GC heap after
Heap after GC invocations=467 (full 15):
 PSYoungGen      total 53248K, used 3385K [0x00000007bc400000, 0x00000007c0000000, 0x00000007c0000000)
  eden space 44544K, 0% used [0x00000007bc400000,0x00000007bc400000,0x00000007bef80000)
  from space 8704K, 38% used [0x00000007bf780000,0x00000007bface708,0x00000007c0000000)
  to   space 8192K, 0% used [0x00000007bef80000,0x00000007bef80000,0x00000007bf780000)
 ParOldGen       total 191488K, used 115416K [0x0000000700000000, 0x000000070bb00000, 0x00000007bc400000)
  object space 191488K, 60% used [0x0000000700000000,0x00000007070b6230,0x000000070bb00000)
 Metaspace       used 84704K, capacity 85483K, committed 86232K, reserved 1124352K
  class space    used 11985K, capacity 12140K, committed 12248K, reserved 1048576K
}
Event: 8389.861 GC heap before
{Heap before GC invocations=468 (full 15):
 PSYoungGen      total 53248K, used 47929K [0x00000007bc400000, 0x00000007c0000000, 0x00000007c0000000)
  eden space 44544K, 100% used [0x00000007bc400000,0x00000007bef80000,0x00000007bef80000)
  from space 8704K, 38% used [0x00000007bf780000,0x00000007bface708,0x00000007c0000000)
  to   space 8192K, 0% used [0x00000007bef80000,0x00000007bef80000,0x00000007bf780000)
 ParOldGen       total 191488K, used 115416K [0x0000000700000000, 0x000000070bb00000, 0x00000007bc400000)
  object space 191488K, 60% used [0x0000000700000000,0x00000007070b6230,0x000000070bb00000)
 Metaspace       used 84704K, capacity 85483K, committed 86232K, reserved 1124352K
  class space    used 11985K, capacity 12140K, committed 12248K, reserved 1048576K
Event: 8389.866 GC heap after
Heap after GC invocations=468 (full 15):
 PSYoungGen      total 52736K, used 3193K [0x00000007bc400000, 0x00000007c0000000, 0x00000007c0000000)
  eden space 44544K, 0% used [0x00000007bc400000,0x00000007bc400000,0x00000007bef80000)
  from space 8192K, 38% used [0x00000007bef80000,0x00000007bf29e708,0x00000007bf780000)
  to   space 7680K, 0% used [0x00000007bf880000,0x00000007bf880000,0x00000007c0000000)
 ParOldGen       total 191488K, used 115619K [0x0000000700000000, 0x000000070bb00000, 0x00000007bc400000)
  object space 191488K, 60% used [0x0000000700000000,0x00000007070e8e60,0x000000070bb00000)
 Metaspace       used 84704K, capacity 85483K, committed 86232K, reserved 1124352K
  class space    used 11985K, capacity 12140K, committed 12248K, reserved 1048576K
}
Event: 8404.970 GC heap before
{Heap before GC invocations=469 (full 15):
 PSYoungGen      total 52736K, used 47737K [0x00000007bc400000, 0x00000007c0000000, 0x00000007c0000000)
  eden space 44544K, 100% used [0x00000007bc400000,0x00000007bef80000,0x00000007bef80000)
  from space 8192K, 38% used [0x00000007bef80000,0x00000007bf29e708,0x00000007bf780000)
  to   space 7680K, 0% used [0x00000007bf880000,0x00000007bf880000,0x00000007c0000000)
 ParOldGen       total 191488K, used 115619K [0x0000000700000000, 0x000000070bb00000, 0x00000007bc400000)
  object space 191488K, 60% used [0x0000000700000000,0x00000007070e8e60,0x000000070bb00000)
 Metaspace       used 84705K, capacity 85483K, committed 86232K, reserved 1124352K
  class space    used 11985K, capacity 12140K, committed 12248K, reserved 1048576K
Event: 8404.977 GC heap after
Heap after GC invocations=469 (full 15):
 PSYoungGen      total 53760K, used 3001K [0x00000007bc400000, 0x00000007c0000000, 0x00000007c0000000)
  eden space 46080K, 0% used [0x00000007bc400000,0x00000007bc400000,0x00000007bf100000)
  from space 7680K, 39% used [0x00000007bf880000,0x00000007bfb6e708,0x00000007c0000000)
  to   space 7680K, 0% used [0x00000007bf100000,0x00000007bf100000,0x00000007bf880000)
 ParOldGen       total 191488K, used 115659K [0x0000000700000000, 0x000000070bb00000, 0x00000007bc400000)
  object space 191488K, 60% used [0x0000000700000000,0x00000007070f2e70,0x000000070bb00000)
 Metaspace       used 84705K, capacity 85483K, committed 86232K, reserved 1124352K
  class space    used 11985K, capacity 12140K, committed 12248K, reserved 1048576K
}
Event: 8405.339 GC heap before
{Heap before GC invocations=470 (full 15):
 PSYoungGen      total 53760K, used 49081K [0x00000007bc400000, 0x00000007c0000000, 0x00000007c0000000)
  eden space 46080K, 100% used [0x00000007bc400000,0x00000007bf100000,0x00000007bf100000)
  from space 7680K, 39% used [0x00000007bf880000,0x00000007bfb6e708,0x00000007c0000000)
  to   space 7680K, 0% used [0x00000007bf100000,0x00000007bf100000,0x00000007bf880000)
 ParOldGen       total 191488K, used 115659K [0x0000000700000000, 0x000000070bb00000, 0x00000007bc400000)
  object space 191488K, 60% used [0x0000000700000000,0x00000007070f2e70,0x000000070bb00000)
 Metaspace       used 84705K, capacity 85483K, committed 86232K, reserved 1124352K
  class space    used 11985K, capacity 12140K, committed 12248K, reserved 1048576K
Event: 8405.346 GC heap after
Heap after GC invocations=470 (full 15):
 PSYoungGen      total 53760K, used 2777K [0x00000007bc400000, 0x00000007c0000000, 0x00000007c0000000)
  eden space 46080K, 0% used [0x00000007bc400000,0x00000007bc400000,0x00000007bf100000)
  from space 7680K, 36% used [0x00000007bf100000,0x00000007bf3b6708,0x00000007bf880000)
  to   space 7168K, 0% used [0x00000007bf900000,0x00000007bf900000,0x00000007c0000000)
 ParOldGen       total 191488K, used 115843K [0x0000000700000000, 0x000000070bb00000, 0x00000007bc400000)
  object space 191488K, 60% used [0x0000000700000000,0x0000000707120e90,0x000000070bb00000)
 Metaspace       used 84705K, capacity 85483K, committed 86232K, reserved 1124352K
  class space    used 11985K, capacity 12140K, committed 12248K, reserved 1048576K
}
Event: 8407.062 GC heap before
{Heap before GC invocations=471 (full 15):
 PSYoungGen      total 53760K, used 48857K [0x00000007bc400000, 0x00000007c0000000, 0x00000007c0000000)
  eden space 46080K, 100% used [0x00000007bc400000,0x00000007bf100000,0x00000007bf100000)
  from space 7680K, 36% used [0x00000007bf100000,0x00000007bf3b6708,0x00000007bf880000)
  to   space 7168K, 0% used [0x00000007bf900000,0x00000007bf900000,0x00000007c0000000)
 ParOldGen       total 191488K, used 115843K [0x0000000700000000, 0x000000070bb00000, 0x00000007bc400000)
  object space 191488K, 60% used [0x0000000700000000,0x0000000707120e90,0x000000070bb00000)
 Metaspace       used 84706K, capacity 85483K, committed 86232K, reserved 1124352K
  class space    used 11985K, capacity 12140K, committed 12248K, reserved 1048576K
Event: 8407.067 GC heap after
Heap after GC invocations=471 (full 15):
 PSYoungGen      total 54272K, used 2592K [0x00000007bc400000, 0x00000007c0000000, 0x00000007c0000000)
  eden space 47104K, 0% used [0x00000007bc400000,0x00000007bc400000,0x00000007bf200000)
  from space 7168K, 36% used [0x00000007bf900000,0x00000007bfb88000,0x00000007c0000000)
  to   space 7168K, 0% used [0x00000007bf200000,0x00000007bf200000,0x00000007bf900000)
 ParOldGen       total 191488K, used 116197K [0x0000000700000000, 0x000000070bb00000, 0x00000007bc400000)
  object space 191488K, 60% used [0x0000000700000000,0x00000007071795a8,0x000000070bb00000)
 Metaspace       used 84706K, capacity 85483K, committed 86232K, reserved 1124352K
  class space    used 11985K, capacity 12140K, committed 12248K, reserved 1048576K
}

