# JRE version: Java(TM) SE Runtime Environment (9.0+11) (build 9.0.4+11)
# Java VM: Java HotSpot(TM) 64-Bit Server VM (9.0.4+11, mixed mode, tiered, compressed oops, g1 gc, windows-amd64)
Heap:
 garbage-first heap   total 370688K, used 152856K [0x0000000700000000, 0x0000000700100b50, 0x00000007c0000000)
  region size 1024K, 40 young (40960K), 1 survivors (1024K)
 Metaspace       used 93899K, capacity 97136K, committed 102016K, reserved 1136640K
  class space    used 12859K, capacity 13464K, committed 14464K, reserved 1048576K
GC Heap History (10 events):
Event: 4641.894 GC heap before
{Heap before GC invocations=581 (full 13):
 garbage-first heap   total 370688K, used 178530K [0x0000000700000000, 0x0000000700100b50, 0x00000007c0000000)
  region size 1024K, 60 young (61440K), 1 survivors (1024K)
 Metaspace       used 93867K, capacity 97068K, committed 102016K, reserved 1136640K
  class space    used 12859K, capacity 13464K, committed 14464K, reserved 1048576K
}
Event: 4641.895 GC heap after
{Heap after GC invocations=582 (full 13):
 garbage-first heap   total 370688K, used 113945K [0x0000000700000000, 0x0000000700100b50, 0x00000007c0000000)
  region size 1024K, 1 young (1024K), 1 survivors (1024K)
 Metaspace       used 93867K, capacity 97068K, committed 102016K, reserved 1136640K
  class space    used 12859K, capacity 13464K, committed 14464K, reserved 1048576K
}
Event: 4648.143 GC heap before
{Heap before GC invocations=582 (full 13):
 garbage-first heap   total 370688K, used 174361K [0x0000000700000000, 0x0000000700100b50, 0x00000007c0000000)
  region size 1024K, 60 young (61440K), 1 survivors (1024K)
 Metaspace       used 93870K, capacity 97068K, committed 102016K, reserved 1136640K
  class space    used 12859K, capacity 13464K, committed 14464K, reserved 1048576K
}
Event: 4648.145 GC heap after
{Heap after GC invocations=583 (full 13):
 garbage-first heap   total 370688K, used 113935K [0x0000000700000000, 0x0000000700100b50, 0x00000007c0000000)
  region size 1024K, 1 young (1024K), 1 survivors (1024K)
 Metaspace       used 93870K, capacity 97068K, committed 102016K, reserved 1136640K
  class space    used 12859K, capacity 13464K, committed 14464K, reserved 1048576K
}
Event: 4648.312 GC heap before
{Heap before GC invocations=583 (full 13):
 garbage-first heap   total 370688K, used 174351K [0x0000000700000000, 0x0000000700100b50, 0x00000007c0000000)
  region size 1024K, 60 young (61440K), 1 survivors (1024K)
 Metaspace       used 93871K, capacity 97068K, committed 102016K, reserved 1136640K
  class space    used 12859K, capacity 13464K, committed 14464K, reserved 1048576K
}
Event: 4648.314 GC heap after
{Heap after GC invocations=584 (full 13):
 garbage-first heap   total 370688K, used 113921K [0x0000000700000000, 0x0000000700100b50, 0x00000007c0000000)
  region size 1024K, 1 young (1024K), 1 survivors (1024K)
 Metaspace       used 93871K, capacity 97068K, committed 102016K, reserved 1136640K
  class space    used 12859K, capacity 13464K, committed 14464K, reserved 1048576K
}
Event: 4648.477 GC heap before
{Heap before GC invocations=584 (full 13):
 garbage-first heap   total 370688K, used 174337K [0x0000000700000000, 0x0000000700100b50, 0x00000007c0000000)
  region size 1024K, 60 young (61440K), 1 survivors (1024K)
 Metaspace       used 93871K, capacity 97068K, committed 102016K, reserved 1136640K
  class space    used 12859K, capacity 13464K, committed 14464K, reserved 1048576K
}
Event: 4648.479 GC heap after
{Heap after GC invocations=585 (full 13):
 garbage-first heap   total 370688K, used 113927K [0x0000000700000000, 0x0000000700100b50, 0x00000007c0000000)
  region size 1024K, 1 young (1024K), 1 survivors (1024K)
 Metaspace       used 93871K, capacity 97068K, committed 102016K, reserved 1136640K
  class space    used 12859K, capacity 13464K, committed 14464K, reserved 1048576K
}
Event: 4648.641 GC heap before
{Heap before GC invocations=585 (full 13):
 garbage-first heap   total 370688K, used 174343K [0x0000000700000000, 0x0000000700100b50, 0x00000007c0000000)
  region size 1024K, 60 young (61440K), 1 survivors (1024K)
 Metaspace       used 93871K, capacity 97068K, committed 102016K, reserved 1136640K
  class space    used 12859K, capacity 13464K, committed 14464K, reserved 1048576K
}
Event: 4648.643 GC heap after
{Heap after GC invocations=586 (full 13):
 garbage-first heap   total 370688K, used 113944K [0x0000000700000000, 0x0000000700100b50, 0x00000007c0000000)
  region size 1024K, 1 young (1024K), 1 survivors (1024K)
 Metaspace       used 93871K, capacity 97068K, committed 102016K, reserved 1136640K
  class space    used 12859K, capacity 13464K, committed 14464K, reserved 1048576K
}

